{"/Users/amytiefermann/Documents/WEB DEVELOPMENT/meet/src/App.jsx": {"path":"/Users/amytiefermann/Documents/WEB DEVELOPMENT/meet/src/App.jsx","statementMap":{"0":{"start":{"line":9,"column":12},"end":{"line":39,"column":1}},"1":{"start":{"line":11,"column":30},"end":{"line":11,"column":42}},"2":{"start":{"line":12,"column":38},"end":{"line":12,"column":50}},"3":{"start":{"line":13,"column":42},"end":{"line":13,"column":54}},"4":{"start":{"line":14,"column":40},"end":{"line":14,"column":66}},"5":{"start":{"line":16,"column":2},"end":{"line":18,"column":20}},"6":{"start":{"line":17,"column":4},"end":{"line":17,"column":16}},"7":{"start":{"line":21,"column":20},"end":{"line":28,"column":3}},"8":{"start":{"line":22,"column":22},"end":{"line":22,"column":39}},"9":{"start":{"line":23,"column":27},"end":{"line":25,"column":63}},"10":{"start":{"line":25,"column":32},"end":{"line":25,"column":62}},"11":{"start":{"line":26,"column":4},"end":{"line":26,"column":51}},"12":{"start":{"line":27,"column":4},"end":{"line":27,"column":49}},"13":{"start":{"line":32,"column":2},"end":{"line":38,"column":4}}},"fnMap":{"0":{"name":"(anonymous_0)","decl":{"start":{"line":9,"column":12},"end":{"line":9,"column":13}},"loc":{"start":{"line":9,"column":18},"end":{"line":39,"column":1}},"line":9},"1":{"name":"(anonymous_1)","decl":{"start":{"line":16,"column":12},"end":{"line":16,"column":13}},"loc":{"start":{"line":16,"column":18},"end":{"line":18,"column":3}},"line":16},"2":{"name":"(anonymous_2)","decl":{"start":{"line":21,"column":20},"end":{"line":21,"column":21}},"loc":{"start":{"line":21,"column":32},"end":{"line":28,"column":3}},"line":21},"3":{"name":"(anonymous_3)","decl":{"start":{"line":25,"column":23},"end":{"line":25,"column":24}},"loc":{"start":{"line":25,"column":32},"end":{"line":25,"column":62}},"line":25}},"branchMap":{"0":{"loc":{"start":{"line":23,"column":27},"end":{"line":25,"column":63}},"type":"cond-expr","locations":[{"start":{"line":24,"column":6},"end":{"line":24,"column":15}},{"start":{"line":25,"column":6},"end":{"line":25,"column":63}}],"line":23}},"s":{"0":3,"1":11,"2":10,"3":10,"4":10,"5":10,"6":5,"7":10,"8":5,"9":5,"10":33,"11":5,"12":5,"13":10},"f":{"0":11,"1":5,"2":5,"3":33},"b":{"0":[4,1]},"_coverageSchema":"1a1c01bbd47fc00a2c39e90264f33305004495a9","hash":"d5893f6c3c7514d6c1a8b379dc3891b712200c87"}
,"/Users/amytiefermann/Documents/WEB DEVELOPMENT/meet/src/api.js": {"path":"/Users/amytiefermann/Documents/WEB DEVELOPMENT/meet/src/api.js","statementMap":{"0":{"start":{"line":12,"column":32},"end":{"line":16,"column":1}},"1":{"start":{"line":13,"column":29},"end":{"line":13,"column":66}},"2":{"start":{"line":13,"column":51},"end":{"line":13,"column":65}},"3":{"start":{"line":14,"column":20},"end":{"line":14,"column":52}},"4":{"start":{"line":15,"column":2},"end":{"line":15,"column":19}},"5":{"start":{"line":23,"column":25},"end":{"line":27,"column":1}},"6":{"start":{"line":26,"column":2},"end":{"line":26,"column":18}}},"fnMap":{"0":{"name":"(anonymous_0)","decl":{"start":{"line":12,"column":32},"end":{"line":12,"column":33}},"loc":{"start":{"line":12,"column":44},"end":{"line":16,"column":1}},"line":12},"1":{"name":"(anonymous_1)","decl":{"start":{"line":13,"column":40},"end":{"line":13,"column":41}},"loc":{"start":{"line":13,"column":51},"end":{"line":13,"column":65}},"line":13},"2":{"name":"(anonymous_2)","decl":{"start":{"line":23,"column":25},"end":{"line":23,"column":26}},"loc":{"start":{"line":23,"column":37},"end":{"line":27,"column":1}},"line":23}},"branchMap":{},"s":{"0":3,"1":8,"2":264,"3":8,"4":8,"5":3,"6":10},"f":{"0":8,"1":264,"2":10},"b":{},"_coverageSchema":"1a1c01bbd47fc00a2c39e90264f33305004495a9","hash":"91c9dffa42aca961161d5b781ae6054a12a743b2"}
,"/Users/amytiefermann/Documents/WEB DEVELOPMENT/meet/src/mock-data.js": {"path":"/Users/amytiefermann/Documents/WEB DEVELOPMENT/meet/src/mock-data.js","statementMap":{"0":{"start":{"line":1,"column":17},"end":{"line":1291,"column":3}}},"fnMap":{},"branchMap":{},"s":{"0":4},"f":{},"b":{},"_coverageSchema":"1a1c01bbd47fc00a2c39e90264f33305004495a9","hash":"6ac83e7f68ecd1b09dc78c16d142988f5a73cefa"}
,"/Users/amytiefermann/Documents/WEB DEVELOPMENT/meet/src/components/CitySearch.jsx": {"path":"/Users/amytiefermann/Documents/WEB DEVELOPMENT/meet/src/components/CitySearch.jsx","statementMap":{"0":{"start":{"line":5,"column":19},"end":{"line":53,"column":1}},"1":{"start":{"line":6,"column":48},"end":{"line":6,"column":63}},"2":{"start":{"line":7,"column":28},"end":{"line":7,"column":40}},"3":{"start":{"line":8,"column":39},"end":{"line":8,"column":51}},"4":{"start":{"line":11,"column":2},"end":{"line":13,"column":26}},"5":{"start":{"line":12,"column":4},"end":{"line":12,"column":33}},"6":{"start":{"line":15,"column":29},"end":{"line":22,"column":3}},"7":{"start":{"line":16,"column":18},"end":{"line":16,"column":36}},"8":{"start":{"line":17,"column":30},"end":{"line":19,"column":11}},"9":{"start":{"line":18,"column":6},"end":{"line":18,"column":70}},"10":{"start":{"line":20,"column":4},"end":{"line":20,"column":20}},"11":{"start":{"line":21,"column":4},"end":{"line":21,"column":38}},"12":{"start":{"line":24,"column":28},"end":{"line":29,"column":3}},"13":{"start":{"line":25,"column":18},"end":{"line":25,"column":42}},"14":{"start":{"line":26,"column":4},"end":{"line":26,"column":20}},"15":{"start":{"line":27,"column":4},"end":{"line":27,"column":30}},"16":{"start":{"line":28,"column":4},"end":{"line":28,"column":26}},"17":{"start":{"line":31,"column":2},"end":{"line":52,"column":3}},"18":{"start":{"line":38,"column":23},"end":{"line":38,"column":47}},"19":{"start":{"line":44,"column":12},"end":{"line":44,"column":85}}},"fnMap":{"0":{"name":"(anonymous_0)","decl":{"start":{"line":5,"column":19},"end":{"line":5,"column":20}},"loc":{"start":{"line":5,"column":56},"end":{"line":53,"column":1}},"line":5},"1":{"name":"(anonymous_1)","decl":{"start":{"line":11,"column":12},"end":{"line":11,"column":13}},"loc":{"start":{"line":11,"column":17},"end":{"line":13,"column":3}},"line":11},"2":{"name":"(anonymous_2)","decl":{"start":{"line":15,"column":29},"end":{"line":15,"column":30}},"loc":{"start":{"line":15,"column":40},"end":{"line":22,"column":3}},"line":15},"3":{"name":"(anonymous_3)","decl":{"start":{"line":17,"column":65},"end":{"line":17,"column":66}},"loc":{"start":{"line":17,"column":79},"end":{"line":19,"column":5}},"line":17},"4":{"name":"(anonymous_4)","decl":{"start":{"line":24,"column":28},"end":{"line":24,"column":29}},"loc":{"start":{"line":24,"column":39},"end":{"line":29,"column":3}},"line":24},"5":{"name":"(anonymous_5)","decl":{"start":{"line":38,"column":17},"end":{"line":38,"column":18}},"loc":{"start":{"line":38,"column":23},"end":{"line":38,"column":47}},"line":38},"6":{"name":"(anonymous_6)","decl":{"start":{"line":43,"column":27},"end":{"line":43,"column":28}},"loc":{"start":{"line":43,"column":43},"end":{"line":45,"column":11}},"line":43}},"branchMap":{"0":{"loc":{"start":{"line":17,"column":30},"end":{"line":19,"column":11}},"type":"cond-expr","locations":[{"start":{"line":17,"column":45},"end":{"line":19,"column":6}},{"start":{"line":19,"column":9},"end":{"line":19,"column":11}}],"line":17},"1":{"loc":{"start":{"line":41,"column":7},"end":{"line":50,"column":16}},"type":"cond-expr","locations":[{"start":{"line":42,"column":8},"end":{"line":49,"column":13}},{"start":{"line":50,"column":12},"end":{"line":50,"column":16}}],"line":41}},"s":{"0":3,"1":58,"2":58,"3":58,"4":58,"5":16,"6":58,"7":18,"8":18,"9":36,"10":18,"11":18,"12":58,"13":2,"14":2,"15":2,"16":2,"17":58,"18":5,"19":26},"f":{"0":58,"1":16,"2":18,"3":36,"4":2,"5":5,"6":26},"b":{"0":[18,0],"1":[23,35]},"_coverageSchema":"1a1c01bbd47fc00a2c39e90264f33305004495a9","hash":"ce6bf9a23dfe9c64e5f5ed2c4244cdba5aaf0bc0"}
,"/Users/amytiefermann/Documents/WEB DEVELOPMENT/meet/src/components/Event.jsx": {"path":"/Users/amytiefermann/Documents/WEB DEVELOPMENT/meet/src/components/Event.jsx","statementMap":{"0":{"start":{"line":5,"column":14},"end":{"line":22,"column":1}},"1":{"start":{"line":6,"column":26},"end":{"line":6,"column":41}},"2":{"start":{"line":7,"column":2},"end":{"line":21,"column":4}},"3":{"start":{"line":14,"column":6},"end":{"line":14,"column":23}},"4":{"start":{"line":15,"column":6},"end":{"line":15,"column":19}}},"fnMap":{"0":{"name":"(anonymous_0)","decl":{"start":{"line":5,"column":14},"end":{"line":5,"column":15}},"loc":{"start":{"line":5,"column":27},"end":{"line":22,"column":1}},"line":5},"1":{"name":"(anonymous_1)","decl":{"start":{"line":13,"column":21},"end":{"line":13,"column":22}},"loc":{"start":{"line":13,"column":25},"end":{"line":15,"column":20}},"line":13}},"branchMap":{"0":{"loc":{"start":{"line":17,"column":7},"end":{"line":17,"column":45}},"type":"cond-expr","locations":[{"start":{"line":17,"column":14},"end":{"line":17,"column":28}},{"start":{"line":17,"column":31},"end":{"line":17,"column":45}}],"line":17},"1":{"loc":{"start":{"line":19,"column":29},"end":{"line":19,"column":60}},"type":"cond-expr","locations":[{"start":{"line":19,"column":36},"end":{"line":19,"column":53}},{"start":{"line":19,"column":56},"end":{"line":19,"column":60}}],"line":19}},"s":{"0":4,"1":216,"2":216,"3":1,"4":1},"f":{"0":216,"1":1},"b":{"0":[1,215],"1":[1,215]},"_coverageSchema":"1a1c01bbd47fc00a2c39e90264f33305004495a9","hash":"f274164ddc65b0c8b486461998b0634194723cd3"}
,"/Users/amytiefermann/Documents/WEB DEVELOPMENT/meet/src/components/EventList.jsx": {"path":"/Users/amytiefermann/Documents/WEB DEVELOPMENT/meet/src/components/EventList.jsx","statementMap":{"0":{"start":{"line":5,"column":18},"end":{"line":13,"column":4}},"1":{"start":{"line":6,"column":4},"end":{"line":12,"column":6}},"2":{"start":{"line":9,"column":30},"end":{"line":9,"column":68}}},"fnMap":{"0":{"name":"(anonymous_0)","decl":{"start":{"line":5,"column":18},"end":{"line":5,"column":19}},"loc":{"start":{"line":5,"column":34},"end":{"line":13,"column":4}},"line":5},"1":{"name":"(anonymous_1)","decl":{"start":{"line":9,"column":21},"end":{"line":9,"column":22}},"loc":{"start":{"line":9,"column":30},"end":{"line":9,"column":68}},"line":9}},"branchMap":{"0":{"loc":{"start":{"line":8,"column":9},"end":{"line":10,"column":14}},"type":"cond-expr","locations":[{"start":{"line":9,"column":10},"end":{"line":9,"column":69}},{"start":{"line":10,"column":10},"end":{"line":10,"column":14}}],"line":8}},"s":{"0":3,"1":13,"2":209},"f":{"0":13,"1":209},"b":{"0":[11,2]},"_coverageSchema":"1a1c01bbd47fc00a2c39e90264f33305004495a9","hash":"a39c64d2818307f0b0cfce9962a7416761bd4f35"}
,"/Users/amytiefermann/Documents/WEB DEVELOPMENT/meet/src/components/NumberOfEvents.jsx": {"path":"/Users/amytiefermann/Documents/WEB DEVELOPMENT/meet/src/components/NumberOfEvents.jsx","statementMap":{"0":{"start":{"line":4,"column":23},"end":{"line":24,"column":1}},"1":{"start":{"line":6,"column":40},"end":{"line":6,"column":52}},"2":{"start":{"line":8,"column":30},"end":{"line":10,"column":5}},"3":{"start":{"line":9,"column":8},"end":{"line":9,"column":42}},"4":{"start":{"line":12,"column":4},"end":{"line":23,"column":6}}},"fnMap":{"0":{"name":"(anonymous_0)","decl":{"start":{"line":4,"column":23},"end":{"line":4,"column":24}},"loc":{"start":{"line":4,"column":29},"end":{"line":24,"column":1}},"line":4},"1":{"name":"(anonymous_1)","decl":{"start":{"line":8,"column":30},"end":{"line":8,"column":31}},"loc":{"start":{"line":8,"column":41},"end":{"line":10,"column":5}},"line":8}},"branchMap":{},"s":{"0":4,"1":16,"2":16,"3":4,"4":16},"f":{"0":16,"1":4},"b":{},"_coverageSchema":"1a1c01bbd47fc00a2c39e90264f33305004495a9","hash":"338e45ce615f8e103ddf4df212e3a2ff7b81711d"}
}
