{"/Users/amytiefermann/Documents/WEB DEVELOPMENT/meet/src/App.jsx": {"path":"/Users/amytiefermann/Documents/WEB DEVELOPMENT/meet/src/App.jsx","statementMap":{"0":{"start":{"line":6,"column":12},"end":{"line":14,"column":1}},"1":{"start":{"line":7,"column":2},"end":{"line":13,"column":4}}},"fnMap":{"0":{"name":"(anonymous_0)","decl":{"start":{"line":6,"column":12},"end":{"line":6,"column":13}},"loc":{"start":{"line":6,"column":18},"end":{"line":14,"column":1}},"line":6}},"branchMap":{},"s":{"0":1,"1":3},"f":{"0":3},"b":{},"_coverageSchema":"1a1c01bbd47fc00a2c39e90264f33305004495a9","hash":"b6b4971eb401a7fd2824911c9e4595d89eb6ec63"}
,"/Users/amytiefermann/Documents/WEB DEVELOPMENT/meet/src/api.js": {"path":"/Users/amytiefermann/Documents/WEB DEVELOPMENT/meet/src/api.js","statementMap":{"0":{"start":{"line":12,"column":32},"end":{"line":16,"column":1}},"1":{"start":{"line":13,"column":29},"end":{"line":13,"column":66}},"2":{"start":{"line":13,"column":51},"end":{"line":13,"column":65}},"3":{"start":{"line":14,"column":20},"end":{"line":14,"column":52}},"4":{"start":{"line":15,"column":2},"end":{"line":15,"column":19}},"5":{"start":{"line":23,"column":25},"end":{"line":27,"column":1}},"6":{"start":{"line":26,"column":2},"end":{"line":26,"column":18}}},"fnMap":{"0":{"name":"(anonymous_0)","decl":{"start":{"line":12,"column":32},"end":{"line":12,"column":33}},"loc":{"start":{"line":12,"column":44},"end":{"line":16,"column":1}},"line":12},"1":{"name":"(anonymous_1)","decl":{"start":{"line":13,"column":40},"end":{"line":13,"column":41}},"loc":{"start":{"line":13,"column":51},"end":{"line":13,"column":65}},"line":13},"2":{"name":"(anonymous_2)","decl":{"start":{"line":23,"column":25},"end":{"line":23,"column":26}},"loc":{"start":{"line":23,"column":37},"end":{"line":27,"column":1}},"line":23}},"branchMap":{},"s":{"0":2,"1":2,"2":66,"3":2,"4":2,"5":2,"6":3},"f":{"0":2,"1":66,"2":3},"b":{},"_coverageSchema":"1a1c01bbd47fc00a2c39e90264f33305004495a9","hash":"91c9dffa42aca961161d5b781ae6054a12a743b2"}
,"/Users/amytiefermann/Documents/WEB DEVELOPMENT/meet/src/mock-data.js": {"path":"/Users/amytiefermann/Documents/WEB DEVELOPMENT/meet/src/mock-data.js","statementMap":{"0":{"start":{"line":1,"column":17},"end":{"line":1291,"column":3}}},"fnMap":{},"branchMap":{},"s":{"0":3},"f":{},"b":{},"_coverageSchema":"1a1c01bbd47fc00a2c39e90264f33305004495a9","hash":"6ac83e7f68ecd1b09dc78c16d142988f5a73cefa"}
,"/Users/amytiefermann/Documents/WEB DEVELOPMENT/meet/src/components/CitySearch.jsx": {"path":"/Users/amytiefermann/Documents/WEB DEVELOPMENT/meet/src/components/CitySearch.jsx","statementMap":{"0":{"start":{"line":5,"column":19},"end":{"line":47,"column":1}},"1":{"start":{"line":6,"column":48},"end":{"line":6,"column":63}},"2":{"start":{"line":7,"column":28},"end":{"line":7,"column":40}},"3":{"start":{"line":8,"column":39},"end":{"line":8,"column":51}},"4":{"start":{"line":10,"column":29},"end":{"line":17,"column":3}},"5":{"start":{"line":11,"column":18},"end":{"line":11,"column":36}},"6":{"start":{"line":12,"column":30},"end":{"line":14,"column":11}},"7":{"start":{"line":13,"column":6},"end":{"line":13,"column":70}},"8":{"start":{"line":15,"column":4},"end":{"line":15,"column":20}},"9":{"start":{"line":16,"column":4},"end":{"line":16,"column":38}},"10":{"start":{"line":19,"column":28},"end":{"line":23,"column":3}},"11":{"start":{"line":20,"column":18},"end":{"line":20,"column":42}},"12":{"start":{"line":21,"column":4},"end":{"line":21,"column":20}},"13":{"start":{"line":22,"column":4},"end":{"line":22,"column":30}},"14":{"start":{"line":25,"column":2},"end":{"line":46,"column":3}},"15":{"start":{"line":32,"column":23},"end":{"line":32,"column":47}},"16":{"start":{"line":38,"column":12},"end":{"line":38,"column":85}}},"fnMap":{"0":{"name":"(anonymous_0)","decl":{"start":{"line":5,"column":19},"end":{"line":5,"column":20}},"loc":{"start":{"line":5,"column":39},"end":{"line":47,"column":1}},"line":5},"1":{"name":"(anonymous_1)","decl":{"start":{"line":10,"column":29},"end":{"line":10,"column":30}},"loc":{"start":{"line":10,"column":40},"end":{"line":17,"column":3}},"line":10},"2":{"name":"(anonymous_2)","decl":{"start":{"line":12,"column":65},"end":{"line":12,"column":66}},"loc":{"start":{"line":12,"column":79},"end":{"line":14,"column":5}},"line":12},"3":{"name":"(anonymous_3)","decl":{"start":{"line":19,"column":28},"end":{"line":19,"column":29}},"loc":{"start":{"line":19,"column":39},"end":{"line":23,"column":3}},"line":19},"4":{"name":"(anonymous_4)","decl":{"start":{"line":32,"column":17},"end":{"line":32,"column":18}},"loc":{"start":{"line":32,"column":23},"end":{"line":32,"column":47}},"line":32},"5":{"name":"(anonymous_5)","decl":{"start":{"line":37,"column":27},"end":{"line":37,"column":28}},"loc":{"start":{"line":37,"column":43},"end":{"line":39,"column":11}},"line":37}},"branchMap":{"0":{"loc":{"start":{"line":12,"column":30},"end":{"line":14,"column":11}},"type":"cond-expr","locations":[{"start":{"line":12,"column":45},"end":{"line":14,"column":6}},{"start":{"line":14,"column":9},"end":{"line":14,"column":11}}],"line":12},"1":{"loc":{"start":{"line":35,"column":7},"end":{"line":44,"column":16}},"type":"cond-expr","locations":[{"start":{"line":36,"column":8},"end":{"line":43,"column":13}},{"start":{"line":44,"column":12},"end":{"line":44,"column":16}}],"line":35}},"s":{"0":2,"1":26,"2":26,"3":26,"4":26,"5":12,"6":12,"7":24,"8":12,"9":12,"10":26,"11":1,"12":1,"13":1,"14":26,"15":3,"16":12},"f":{"0":26,"1":12,"2":24,"3":1,"4":3,"5":12},"b":{"0":[12,0],"1":[15,11]},"_coverageSchema":"1a1c01bbd47fc00a2c39e90264f33305004495a9","hash":"e736de9c94a128c8a0cdca18eee2db129c0836ff"}
,"/Users/amytiefermann/Documents/WEB DEVELOPMENT/meet/src/components/Event.jsx": {"path":"/Users/amytiefermann/Documents/WEB DEVELOPMENT/meet/src/components/Event.jsx","statementMap":{"0":{"start":{"line":5,"column":14},"end":{"line":22,"column":1}},"1":{"start":{"line":6,"column":26},"end":{"line":6,"column":41}},"2":{"start":{"line":7,"column":2},"end":{"line":21,"column":4}},"3":{"start":{"line":14,"column":6},"end":{"line":14,"column":23}},"4":{"start":{"line":15,"column":6},"end":{"line":15,"column":19}}},"fnMap":{"0":{"name":"(anonymous_0)","decl":{"start":{"line":5,"column":14},"end":{"line":5,"column":15}},"loc":{"start":{"line":5,"column":27},"end":{"line":22,"column":1}},"line":5},"1":{"name":"(anonymous_1)","decl":{"start":{"line":13,"column":21},"end":{"line":13,"column":22}},"loc":{"start":{"line":13,"column":25},"end":{"line":15,"column":20}},"line":13}},"branchMap":{"0":{"loc":{"start":{"line":17,"column":7},"end":{"line":17,"column":45}},"type":"cond-expr","locations":[{"start":{"line":17,"column":14},"end":{"line":17,"column":28}},{"start":{"line":17,"column":31},"end":{"line":17,"column":45}}],"line":17},"1":{"loc":{"start":{"line":19,"column":29},"end":{"line":19,"column":60}},"type":"cond-expr","locations":[{"start":{"line":19,"column":36},"end":{"line":19,"column":53}},{"start":{"line":19,"column":56},"end":{"line":19,"column":60}}],"line":19}},"s":{"0":3,"1":40,"2":40,"3":1,"4":1},"f":{"0":40,"1":1},"b":{"0":[1,39],"1":[1,39]},"_coverageSchema":"1a1c01bbd47fc00a2c39e90264f33305004495a9","hash":"f274164ddc65b0c8b486461998b0634194723cd3"}
,"/Users/amytiefermann/Documents/WEB DEVELOPMENT/meet/src/components/EventList.jsx": {"path":"/Users/amytiefermann/Documents/WEB DEVELOPMENT/meet/src/components/EventList.jsx","statementMap":{"0":{"start":{"line":5,"column":18},"end":{"line":13,"column":4}},"1":{"start":{"line":6,"column":4},"end":{"line":12,"column":6}},"2":{"start":{"line":9,"column":30},"end":{"line":9,"column":68}}},"fnMap":{"0":{"name":"(anonymous_0)","decl":{"start":{"line":5,"column":18},"end":{"line":5,"column":19}},"loc":{"start":{"line":5,"column":34},"end":{"line":13,"column":4}},"line":5},"1":{"name":"(anonymous_1)","decl":{"start":{"line":9,"column":21},"end":{"line":9,"column":22}},"loc":{"start":{"line":9,"column":30},"end":{"line":9,"column":68}},"line":9}},"branchMap":{"0":{"loc":{"start":{"line":8,"column":9},"end":{"line":10,"column":14}},"type":"cond-expr","locations":[{"start":{"line":9,"column":10},"end":{"line":9,"column":69}},{"start":{"line":10,"column":10},"end":{"line":10,"column":14}}],"line":8}},"s":{"0":2,"1":6,"2":33},"f":{"0":6,"1":33},"b":{"0":[1,5]},"_coverageSchema":"1a1c01bbd47fc00a2c39e90264f33305004495a9","hash":"a39c64d2818307f0b0cfce9962a7416761bd4f35"}
,"/Users/amytiefermann/Documents/WEB DEVELOPMENT/meet/src/components/NumberOfEvents.jsx": {"path":"/Users/amytiefermann/Documents/WEB DEVELOPMENT/meet/src/components/NumberOfEvents.jsx","statementMap":{"0":{"start":{"line":4,"column":23},"end":{"line":24,"column":1}},"1":{"start":{"line":6,"column":40},"end":{"line":6,"column":52}},"2":{"start":{"line":8,"column":30},"end":{"line":10,"column":5}},"3":{"start":{"line":9,"column":8},"end":{"line":9,"column":42}},"4":{"start":{"line":12,"column":4},"end":{"line":23,"column":6}}},"fnMap":{"0":{"name":"(anonymous_0)","decl":{"start":{"line":4,"column":23},"end":{"line":4,"column":24}},"loc":{"start":{"line":4,"column":29},"end":{"line":24,"column":1}},"line":4},"1":{"name":"(anonymous_1)","decl":{"start":{"line":8,"column":30},"end":{"line":8,"column":31}},"loc":{"start":{"line":8,"column":41},"end":{"line":10,"column":5}},"line":8}},"branchMap":{},"s":{"0":2,"1":9,"2":9,"3":4,"4":9},"f":{"0":9,"1":4},"b":{},"_coverageSchema":"1a1c01bbd47fc00a2c39e90264f33305004495a9","hash":"338e45ce615f8e103ddf4df212e3a2ff7b81711d"}
}
