TN:
SF:src/App.jsx
FN:6,(anonymous_0)
FNF:1
FNH:1
FNDA:3,(anonymous_0)
DA:6,1
DA:7,3
LF:2
LH:2
BRF:0
BRH:0
end_of_record
TN:
SF:src/api.js
FN:12,(anonymous_0)
FN:13,(anonymous_1)
FN:23,(anonymous_2)
FNF:3
FNH:3
FNDA:2,(anonymous_0)
FNDA:66,(anonymous_1)
FNDA:3,(anonymous_2)
DA:12,2
DA:13,66
DA:14,2
DA:15,2
DA:23,2
DA:26,3
LF:6
LH:6
BRF:0
BRH:0
end_of_record
TN:
SF:src/mock-data.js
FNF:0
FNH:0
DA:1,3
LF:1
LH:1
BRF:0
BRH:0
end_of_record
TN:
SF:src/components/CitySearch.jsx
FN:5,(anonymous_0)
FN:10,(anonymous_1)
FN:12,(anonymous_2)
FN:19,(anonymous_3)
FN:32,(anonymous_4)
FN:37,(anonymous_5)
FNF:6
FNH:6
FNDA:26,(anonymous_0)
FNDA:12,(anonymous_1)
FNDA:24,(anonymous_2)
FNDA:1,(anonymous_3)
FNDA:3,(anonymous_4)
FNDA:12,(anonymous_5)
DA:5,2
DA:6,26
DA:7,26
DA:8,26
DA:10,26
DA:11,12
DA:12,12
DA:13,24
DA:15,12
DA:16,12
DA:19,26
DA:20,1
DA:21,1
DA:22,1
DA:25,26
DA:32,3
DA:38,12
LF:17
LH:17
BRDA:12,0,0,12
BRDA:12,0,1,0
BRDA:35,1,0,15
BRDA:35,1,1,11
BRF:4
BRH:3
end_of_record
TN:
SF:src/components/Event.jsx
FN:5,(anonymous_0)
FN:13,(anonymous_1)
FNF:2
FNH:2
FNDA:40,(anonymous_0)
FNDA:1,(anonymous_1)
DA:5,3
DA:6,40
DA:7,40
DA:14,1
DA:15,1
LF:5
LH:5
BRDA:17,0,0,1
BRDA:17,0,1,39
BRDA:19,1,0,1
BRDA:19,1,1,39
BRF:4
BRH:4
end_of_record
TN:
SF:src/components/EventList.jsx
FN:5,(anonymous_0)
FN:9,(anonymous_1)
FNF:2
FNH:2
FNDA:6,(anonymous_0)
FNDA:33,(anonymous_1)
DA:5,2
DA:6,6
DA:9,33
LF:3
LH:3
BRDA:8,0,0,1
BRDA:8,0,1,5
BRF:2
BRH:2
end_of_record
TN:
SF:src/components/NumberOfEvents.jsx
FN:4,(anonymous_0)
FN:8,(anonymous_1)
FNF:2
FNH:2
FNDA:9,(anonymous_0)
FNDA:4,(anonymous_1)
DA:4,2
DA:6,9
DA:8,9
DA:9,4
DA:12,9
LF:5
LH:5
BRF:0
BRH:0
end_of_record
