TN:
SF:src/App.jsx
FN:9,(anonymous_0)
FN:16,(anonymous_1)
FN:21,(anonymous_2)
FN:25,(anonymous_3)
FNF:4
FNH:4
FNDA:11,(anonymous_0)
FNDA:5,(anonymous_1)
FNDA:5,(anonymous_2)
FNDA:33,(anonymous_3)
DA:9,3
DA:11,11
DA:12,10
DA:13,10
DA:14,10
DA:16,10
DA:17,5
DA:21,10
DA:22,5
DA:23,5
DA:25,33
DA:26,5
DA:27,5
DA:32,10
LF:14
LH:14
BRDA:23,0,0,4
BRDA:23,0,1,1
BRF:2
BRH:2
end_of_record
TN:
SF:src/api.js
FN:12,(anonymous_0)
FN:13,(anonymous_1)
FN:23,(anonymous_2)
FNF:3
FNH:3
FNDA:8,(anonymous_0)
FNDA:264,(anonymous_1)
FNDA:10,(anonymous_2)
DA:12,3
DA:13,264
DA:14,8
DA:15,8
DA:23,3
DA:26,10
LF:6
LH:6
BRF:0
BRH:0
end_of_record
TN:
SF:src/mock-data.js
FNF:0
FNH:0
DA:1,4
LF:1
LH:1
BRF:0
BRH:0
end_of_record
TN:
SF:src/components/CitySearch.jsx
FN:5,(anonymous_0)
FN:11,(anonymous_1)
FN:15,(anonymous_2)
FN:17,(anonymous_3)
FN:24,(anonymous_4)
FN:38,(anonymous_5)
FN:43,(anonymous_6)
FNF:7
FNH:7
FNDA:58,(anonymous_0)
FNDA:16,(anonymous_1)
FNDA:18,(anonymous_2)
FNDA:36,(anonymous_3)
FNDA:2,(anonymous_4)
FNDA:5,(anonymous_5)
FNDA:26,(anonymous_6)
DA:5,3
DA:6,58
DA:7,58
DA:8,58
DA:11,58
DA:12,16
DA:15,58
DA:16,18
DA:17,18
DA:18,36
DA:20,18
DA:21,18
DA:24,58
DA:25,2
DA:26,2
DA:27,2
DA:28,2
DA:31,58
DA:38,5
DA:44,26
LF:20
LH:20
BRDA:17,0,0,18
BRDA:17,0,1,0
BRDA:41,1,0,23
BRDA:41,1,1,35
BRF:4
BRH:3
end_of_record
TN:
SF:src/components/Event.jsx
FN:5,(anonymous_0)
FN:13,(anonymous_1)
FNF:2
FNH:2
FNDA:216,(anonymous_0)
FNDA:1,(anonymous_1)
DA:5,4
DA:6,216
DA:7,216
DA:14,1
DA:15,1
LF:5
LH:5
BRDA:17,0,0,1
BRDA:17,0,1,215
BRDA:19,1,0,1
BRDA:19,1,1,215
BRF:4
BRH:4
end_of_record
TN:
SF:src/components/EventList.jsx
FN:5,(anonymous_0)
FN:9,(anonymous_1)
FNF:2
FNH:2
FNDA:13,(anonymous_0)
FNDA:209,(anonymous_1)
DA:5,3
DA:6,13
DA:9,209
LF:3
LH:3
BRDA:8,0,0,11
BRDA:8,0,1,2
BRF:2
BRH:2
end_of_record
TN:
SF:src/components/NumberOfEvents.jsx
FN:4,(anonymous_0)
FN:8,(anonymous_1)
FNF:2
FNH:2
FNDA:16,(anonymous_0)
FNDA:4,(anonymous_1)
DA:4,4
DA:6,16
DA:8,16
DA:9,4
DA:12,16
LF:5
LH:5
BRF:0
BRH:0
end_of_record
